<?xml version="1.0" encoding="UTF-8" standalone="no"?>
<testsuite errors="0" failures="1" name="io.cucumber.core.plugin.JUnitFormatter" skipped="0" tests="1" time="10.163">
    <testcase classname="US1003 kullanici parametre kullanarak arama yapabilmeli" name="TC06_ kullanici parametre ile amazonda arama yapabilmeli" time="10.029">
        <failure message="" type="java.lang.AssertionError">
            <![CDATA[Given kullanici amazon anasayfasinda........................................passed
And kullanici "Java" icin arama yapar.......................................passed
And sonucun "Hava" icerdigini test eder.....................................failed
Then sayfayi kapatir........................................................skipped

StackTrace:
java.lang.AssertionError
	at org.junit.Assert.fail(Assert.java:87)
	at org.junit.Assert.assertTrue(Assert.java:42)
	at org.junit.Assert.assertTrue(Assert.java:53)
	at stepDefinitions.AmazonStepDefinitions.sonucun_icerdigini_test_eder(AmazonStepDefinitions.java:71)
	at âœ½.sonucun "Hava" icerdigini test eder(file:///C:/Users/ayber/IdeaProjects/CucumberBatch59/src/test/resources/features/US1003_parametreKullanimi.feature:7)
]]>
        </failure>
    </testcase>
</testsuite>
